c:\users\kang\desktop\workspace\bwserver\bwserver\x64\debug\vc143.pdb
c:\users\kang\desktop\workspace\bwserver\bwserver\x64\debug\vc143.idb
c:\users\kang\desktop\workspace\bwserver\bwserver\x64\debug\monster.obj
c:\users\kang\desktop\workspace\bwserver\bwserver\x64\debug\mathutils.obj
c:\users\kang\desktop\workspace\bwserver\bwserver\x64\debug\lobbypackethandler.obj
c:\users\kang\desktop\workspace\bwserver\bwserver\x64\debug\jobqueue.obj
c:\users\kang\desktop\workspace\bwserver\bwserver\x64\debug\itemutils.obj
c:\users\kang\desktop\workspace\bwserver\bwserver\x64\debug\itemobject.obj
c:\users\kang\desktop\workspace\bwserver\bwserver\x64\debug\item.obj
c:\users\kang\desktop\workspace\bwserver\bwserver\x64\debug\inventory.obj
c:\users\kang\desktop\workspace\bwserver\bwserver\x64\debug\interactivepackethandler.obj
c:\users\kang\desktop\workspace\bwserver\bwserver\x64\debug\gamesessionmanager.obj
c:\users\kang\desktop\workspace\bwserver\bwserver\x64\debug\gamesession.obj
c:\users\kang\desktop\workspace\bwserver\bwserver\x64\debug\gameserver.obj
c:\users\kang\desktop\workspace\bwserver\bwserver\x64\debug\gameroom.obj
c:\users\kang\desktop\workspace\bwserver\bwserver\x64\debug\delaygamesession.obj
c:\users\kang\desktop\workspace\bwserver\bwserver\x64\debug\creature.obj
c:\users\kang\desktop\workspace\bwserver\bwserver\x64\debug\corepch.obj
c:\users\kang\desktop\workspace\bwserver\bwserver\x64\debug\bwserver.obj
c:\users\kang\desktop\workspace\bwserver\bwserver\x64\debug\battlepackethandler.obj
c:\users\kang\desktop\workspace\bwserver\bwserver\x64\debug\assassin.obj
c:\users\kang\desktop\workspace\bwserver\bwserver\x64\debug\archor.obj
c:\users\kang\desktop\workspace\bwserver\bwserver\x64\debug\warrior.obj
c:\users\kang\desktop\workspace\bwserver\bwserver\x64\debug\session.obj
c:\users\kang\desktop\workspace\bwserver\bwserver\x64\debug\serverpackethandler.obj
c:\users\kang\desktop\workspace\bwserver\bwserver\x64\debug\roompackethandler.obj
c:\users\kang\desktop\workspace\bwserver\bwserver\x64\debug\room.obj
c:\users\kang\desktop\workspace\bwserver\bwserver\x64\debug\randomutil.obj
c:\users\kang\desktop\workspace\bwserver\bwserver\x64\debug\rampagetree.obj
c:\users\kang\desktop\workspace\bwserver\bwserver\x64\debug\rampage.obj
c:\users\kang\desktop\workspace\bwserver\bwserver\x64\debug\player.obj
c:\users\kang\desktop\workspace\bwserver\bwserver\x64\debug\object.obj
c:\users\kang\desktop\workspace\bwserver\bwserver\x64\debug\objectutils.obj
c:\users\kang\desktop\workspace\bwserver\bwserver\x64\debug\timeutils.obj
c:\users\kang\desktop\workspace\bwserver\bwserver\x64\debug\delaygameserver.obj
c:\users\kang\desktop\workspace\bwserver\bwserver\x64\debug\struct.pb.obj
c:\users\kang\desktop\workspace\bwserver\bwserver\x64\debug\skill.pb.obj
c:\users\kang\desktop\workspace\bwserver\bwserver\x64\debug\monsterpattern.pb.obj
c:\users\kang\desktop\workspace\bwserver\bwserver\x64\debug\message.pb.obj
c:\users\kang\desktop\workspace\bwserver\bwserver\x64\debug\item.pb.obj
c:\users\kang\desktop\workspace\bwserver\bwserver\x64\debug\gameround.pb.obj
c:\users\kang\desktop\workspace\bwserver\bwserver\x64\debug\enum.pb.obj
c:\users\kang\desktop\workspace\bwserver\bwserver\x64\debug\bwserver.pch
c:\users\kang\desktop\workspace\bwserver\bwserver\x64\debug\pch.obj
c:\users\kang\desktop\workspace\bwserver\bwserver\x64\debug\pingpongpackethandler.obj
c:\users\kang\desktop\workspace\bwserver\bwserver\x64\debug\bwserver.ilk
c:\users\kang\desktop\workspace\bwserver\bwserver\x64\debug\tickgenerator.obj
c:\users\kang\desktop\workspace\bwserver\lib\bwserver.pdb
c:\users\kang\desktop\workspace\bwserver\bwserver\x64\debug\bwserver.tlog\cl.command.1.tlog
c:\users\kang\desktop\workspace\bwserver\bwserver\x64\debug\bwserver.tlog\cl.items.tlog
c:\users\kang\desktop\workspace\bwserver\bwserver\x64\debug\bwserver.tlog\cl.read.1.tlog
c:\users\kang\desktop\workspace\bwserver\bwserver\x64\debug\bwserver.tlog\cl.write.1.tlog
c:\users\kang\desktop\workspace\bwserver\bwserver\x64\debug\bwserver.tlog\link-cvtres.read.1.tlog
c:\users\kang\desktop\workspace\bwserver\bwserver\x64\debug\bwserver.tlog\link-cvtres.write.1.tlog
c:\users\kang\desktop\workspace\bwserver\bwserver\x64\debug\bwserver.tlog\link-rc.read.1.tlog
c:\users\kang\desktop\workspace\bwserver\bwserver\x64\debug\bwserver.tlog\link-rc.write.1.tlog
c:\users\kang\desktop\workspace\bwserver\bwserver\x64\debug\bwserver.tlog\link.4388-cvtres.read.1.tlog
c:\users\kang\desktop\workspace\bwserver\bwserver\x64\debug\bwserver.tlog\link.4388-cvtres.write.1.tlog
c:\users\kang\desktop\workspace\bwserver\bwserver\x64\debug\bwserver.tlog\link.4388-rc.read.1.tlog
c:\users\kang\desktop\workspace\bwserver\bwserver\x64\debug\bwserver.tlog\link.4388-rc.write.1.tlog
c:\users\kang\desktop\workspace\bwserver\bwserver\x64\debug\bwserver.tlog\link.4388.read.1.tlog
c:\users\kang\desktop\workspace\bwserver\bwserver\x64\debug\bwserver.tlog\link.4388.read.2.tlog
c:\users\kang\desktop\workspace\bwserver\bwserver\x64\debug\bwserver.tlog\link.4388.write.1.tlog
c:\users\kang\desktop\workspace\bwserver\bwserver\x64\debug\bwserver.tlog\link.command.1.tlog
c:\users\kang\desktop\workspace\bwserver\bwserver\x64\debug\bwserver.tlog\link.read.1.tlog
c:\users\kang\desktop\workspace\bwserver\bwserver\x64\debug\bwserver.tlog\link.read.2.tlog
c:\users\kang\desktop\workspace\bwserver\bwserver\x64\debug\bwserver.tlog\link.secondary.1.tlog
c:\users\kang\desktop\workspace\bwserver\bwserver\x64\debug\bwserver.tlog\link.write.1.tlog
