  C:Enum.pb.h
  1 File(s) copied
  C:Enum.pb.cc
  1 File(s) copied
  C:Struct.pb.h
  1 File(s) copied
  C:Struct.pb.cc
  1 File(s) copied
  C:Message.pb.h
  1 File(s) copied
  C:Message.pb.cc
  1 File(s) copied
  C:Skill.pb.h
  1 File(s) copied
  C:Skill.pb.cc
  1 File(s) copied
  C:MonsterPattern.pb.h
  1 File(s) copied
  C:MonsterPattern.pb.cc
  1 File(s) copied
  C:GameRound.pb.h
  1 File(s) copied
  C:GameRound.pb.cc
  1 File(s) copied
  C:Item.pb.h
  1 File(s) copied
  C:Item.pb.cc
  1 File(s) copied
  C:Ping.pb.h
  1 File(s) copied
  C:Ping.pb.cc
  1 File(s) copied
  C:Login.pb.h
  1 File(s) copied
  C:Login.pb.cc
  1 File(s) copied
  C:CharacterSelect.pb.h
  1 File(s) copied
  C:CharacterSelect.pb.cc
  1 File(s) copied
  C:Auction.pb.h
  1 File(s) copied
  C:Auction.pb.cc
  1 File(s) copied
  C:Enum.pb.h
  1 File(s) copied
  C:Enum.pb.cc
  1 File(s) copied
  C:Struct.pb.h
  1 File(s) copied
  C:Struct.pb.cc
  1 File(s) copied
  C:Message.pb.h
  1 File(s) copied
  C:Message.pb.cc
  1 File(s) copied
  C:Skill.pb.h
  1 File(s) copied
  C:Skill.pb.cc
  1 File(s) copied
  C:MonsterPattern.pb.h
  1 File(s) copied
  C:MonsterPattern.pb.cc
  1 File(s) copied
  C:GameRound.pb.h
  1 File(s) copied
  C:GameRound.pb.cc
  1 File(s) copied
  C:Item.pb.h
  1 File(s) copied
  C:Item.pb.cc
  1 File(s) copied
  C:Ping.pb.h
  1 File(s) copied
  C:Ping.pb.cc
  1 File(s) copied
  C:Login.pb.h
  1 File(s) copied
  C:Login.pb.cc
  1 File(s) copied
  C:CharacterSelect.pb.h
  1 File(s) copied
  C:CharacterSelect.pb.cc
  1 File(s) copied
  C:Auction.pb.h
  1 File(s) copied
  C:Auction.pb.cc
  1 File(s) copied
  C:Enum.pb.h
  1 File(s) copied
  C:Enum.pb.cc
  1 File(s) copied
  C:Struct.pb.h
  1 File(s) copied
  C:Struct.pb.cc
  1 File(s) copied
  C:Message.pb.h
  1 File(s) copied
  C:Message.pb.cc
  1 File(s) copied
  C:Skill.pb.h
  1 File(s) copied
  C:Skill.pb.cc
  1 File(s) copied
  C:MonsterPattern.pb.h
  1 File(s) copied
  C:MonsterPattern.pb.cc
  1 File(s) copied
  C:GameRound.pb.h
  1 File(s) copied
  C:GameRound.pb.cc
  1 File(s) copied
  C:Item.pb.h
  1 File(s) copied
  C:Item.pb.cc
  1 File(s) copied
  C:Ping.pb.h
  1 File(s) copied
  C:Ping.pb.cc
  1 File(s) copied
  C:Login.pb.h
  1 File(s) copied
  C:Login.pb.cc
  1 File(s) copied
  C:CharacterSelect.pb.h
  1 File(s) copied
  C:CharacterSelect.pb.cc
  1 File(s) copied
  C:Auction.pb.h
  1 File(s) copied
  C:Auction.pb.cc
  1 File(s) copied
  Could Not Find C:\Users\Kang\Desktop\workspace\BWServer\Common\protobuf3.20.3-win64\bin\*.h
  BWServer.cpp
  Please define _WIN32_WINNT or _WIN32_WINDOWS appropriately. For example:
  - add -D_WIN32_WINNT=0x0601 to the compiler command line; or
  - add _WIN32_WINNT=0x0601 to your project's Preprocessor Definitions.
  Assuming _WIN32_WINNT=0x0601 (i.e. Windows 7 target).
C:\Users\Kang\Desktop\workspace\BWServer\Include\hiredis\sds.h(55,10): warning C4200: 비표준 확장이 사용됨: 구조체/공용 구조체의 배열 크기가 0입니다.
  (소스 파일 'BWServer.cpp'을(를) 컴파일하는 중)
      C:\Users\Kang\Desktop\workspace\BWServer\Include\hiredis\sds.h(55,10):
      이 멤버는 기본값으로 설정된 생성자 또는 복사/이동 대입 연산자에서 무시됩니다.
  
C:\Users\Kang\Desktop\workspace\BWServer\Include\hiredis\sds.h(61,10): warning C4200: 비표준 확장이 사용됨: 구조체/공용 구조체의 배열 크기가 0입니다.
  (소스 파일 'BWServer.cpp'을(를) 컴파일하는 중)
      C:\Users\Kang\Desktop\workspace\BWServer\Include\hiredis\sds.h(61,10):
      이 멤버는 기본값으로 설정된 생성자 또는 복사/이동 대입 연산자에서 무시됩니다.
  
C:\Users\Kang\Desktop\workspace\BWServer\Include\hiredis\sds.h(67,10): warning C4200: 비표준 확장이 사용됨: 구조체/공용 구조체의 배열 크기가 0입니다.
  (소스 파일 'BWServer.cpp'을(를) 컴파일하는 중)
      C:\Users\Kang\Desktop\workspace\BWServer\Include\hiredis\sds.h(67,10):
      이 멤버는 기본값으로 설정된 생성자 또는 복사/이동 대입 연산자에서 무시됩니다.
  
C:\Users\Kang\Desktop\workspace\BWServer\Include\hiredis\sds.h(73,10): warning C4200: 비표준 확장이 사용됨: 구조체/공용 구조체의 배열 크기가 0입니다.
  (소스 파일 'BWServer.cpp'을(를) 컴파일하는 중)
      C:\Users\Kang\Desktop\workspace\BWServer\Include\hiredis\sds.h(73,10):
      이 멤버는 기본값으로 설정된 생성자 또는 복사/이동 대입 연산자에서 무시됩니다.
  
C:\Users\Kang\Desktop\workspace\BWServer\Include\hiredis\sds.h(79,10): warning C4200: 비표준 확장이 사용됨: 구조체/공용 구조체의 배열 크기가 0입니다.
  (소스 파일 'BWServer.cpp'을(를) 컴파일하는 중)
      C:\Users\Kang\Desktop\workspace\BWServer\Include\hiredis\sds.h(79,10):
      이 멤버는 기본값으로 설정된 생성자 또는 복사/이동 대입 연산자에서 무시됩니다.
  
C:\Users\Kang\Desktop\workspace\BWServer\BWServer\Game\Objects\Object.h(32,31): warning C4244: 'return': 'google::protobuf::uint64'에서 'const uint32'(으)로 변환하면서 데이터가 손실될 수 있습니다.
  (소스 파일 'BWServer.cpp'을(를) 컴파일하는 중)
  
C:\Users\Kang\Desktop\workspace\BWServer\BWServer\Network\Packet\Handlers\ServerPacketHandler.h(232,50): warning C4267: '인수': 'size_t'에서 'const int'(으)로 변환하면서 데이터가 손실될 수 있습니다.
  (소스 파일 'BWServer.cpp'을(를) 컴파일하는 중)
      C:\Users\Kang\Desktop\workspace\BWServer\BWServer\Network\Packet\Handlers\ServerPacketHandler.h(232,50):
      템플릿 인스턴스화 컨텍스트(가장 오래된 인스턴스화 컨텍스트)가
          C:\Users\Kang\Desktop\workspace\BWServer\BWServer\Network\Packet\Handlers\ServerPacketHandler.h(42,11):
          컴파일되는 함수 템플릿 인스턴스화 'bool ServerPacketHandler::ParsePacket<account::login::C_Login,bool(__cdecl *)(SessionPtr &,account::login::C_Login &)>(ProcessFunc,SessionPtr &,boost::asio::mutable_buffer &,int &)'에 대한 참조를 확인하세요.
          with
          [
              ProcessFunc=bool (__cdecl *)(SessionPtr &,account::login::C_Login &)
          ]
  
  AuctionItem.cpp
  Please define _WIN32_WINNT or _WIN32_WINDOWS appropriately. For example:
  - add -D_WIN32_WINNT=0x0601 to the compiler command line; or
  - add _WIN32_WINNT=0x0601 to your project's Preprocessor Definitions.
  Assuming _WIN32_WINNT=0x0601 (i.e. Windows 7 target).
C:\Users\Kang\Desktop\workspace\BWServer\Include\hiredis\sds.h(55,10): warning C4200: 비표준 확장이 사용됨: 구조체/공용 구조체의 배열 크기가 0입니다.
  (소스 파일 'Game/Auction/AuctionItem.cpp'을(를) 컴파일하는 중)
      C:\Users\Kang\Desktop\workspace\BWServer\Include\hiredis\sds.h(55,10):
      이 멤버는 기본값으로 설정된 생성자 또는 복사/이동 대입 연산자에서 무시됩니다.
  
C:\Users\Kang\Desktop\workspace\BWServer\Include\hiredis\sds.h(61,10): warning C4200: 비표준 확장이 사용됨: 구조체/공용 구조체의 배열 크기가 0입니다.
  (소스 파일 'Game/Auction/AuctionItem.cpp'을(를) 컴파일하는 중)
      C:\Users\Kang\Desktop\workspace\BWServer\Include\hiredis\sds.h(61,10):
      이 멤버는 기본값으로 설정된 생성자 또는 복사/이동 대입 연산자에서 무시됩니다.
  
C:\Users\Kang\Desktop\workspace\BWServer\Include\hiredis\sds.h(67,10): warning C4200: 비표준 확장이 사용됨: 구조체/공용 구조체의 배열 크기가 0입니다.
  (소스 파일 'Game/Auction/AuctionItem.cpp'을(를) 컴파일하는 중)
      C:\Users\Kang\Desktop\workspace\BWServer\Include\hiredis\sds.h(67,10):
      이 멤버는 기본값으로 설정된 생성자 또는 복사/이동 대입 연산자에서 무시됩니다.
  
C:\Users\Kang\Desktop\workspace\BWServer\Include\hiredis\sds.h(73,10): warning C4200: 비표준 확장이 사용됨: 구조체/공용 구조체의 배열 크기가 0입니다.
  (소스 파일 'Game/Auction/AuctionItem.cpp'을(를) 컴파일하는 중)
      C:\Users\Kang\Desktop\workspace\BWServer\Include\hiredis\sds.h(73,10):
      이 멤버는 기본값으로 설정된 생성자 또는 복사/이동 대입 연산자에서 무시됩니다.
  
C:\Users\Kang\Desktop\workspace\BWServer\Include\hiredis\sds.h(79,10): warning C4200: 비표준 확장이 사용됨: 구조체/공용 구조체의 배열 크기가 0입니다.
  (소스 파일 'Game/Auction/AuctionItem.cpp'을(를) 컴파일하는 중)
      C:\Users\Kang\Desktop\workspace\BWServer\Include\hiredis\sds.h(79,10):
      이 멤버는 기본값으로 설정된 생성자 또는 복사/이동 대입 연산자에서 무시됩니다.
  
C:\Users\Kang\Desktop\workspace\BWServer\BWServer\Game\Objects\Object.h(32,31): warning C4244: 'return': 'google::protobuf::uint64'에서 'const uint32'(으)로 변환하면서 데이터가 손실될 수 있습니다.
  (소스 파일 'Game/Auction/AuctionItem.cpp'을(를) 컴파일하는 중)
  
C:\Users\Kang\Desktop\workspace\BWServer\BWServer\Game\Auction\AuctionItem.cpp(59,27): warning C4244: '인수': 'uint64_t'에서 'double'(으)로 변환하면서 데이터가 손실될 수 있습니다.
C:\Users\Kang\Desktop\workspace\BWServer\BWServer\Game\Auction\AuctionItem.cpp(62,30): warning C4244: '인수': 'uint64'에서 'double'(으)로 변환하면서 데이터가 손실될 수 있습니다.
C:\Users\Kang\Desktop\workspace\BWServer\BWServer\Game\Auction\AuctionItem.cpp(114,61): warning C4244: '=': 'uint64_t'에서 'int'(으)로 변환하면서 데이터가 손실될 수 있습니다.
C:\Users\Kang\Desktop\workspace\BWServer\BWServer\Game\Auction\AuctionItem.cpp(140,63): warning C4244: '=': 'uint64_t'에서 'int'(으)로 변환하면서 데이터가 손실될 수 있습니다.
  AuctionManager.cpp
  Please define _WIN32_WINNT or _WIN32_WINDOWS appropriately. For example:
  - add -D_WIN32_WINNT=0x0601 to the compiler command line; or
  - add _WIN32_WINNT=0x0601 to your project's Preprocessor Definitions.
  Assuming _WIN32_WINNT=0x0601 (i.e. Windows 7 target).
C:\Users\Kang\Desktop\workspace\BWServer\Include\hiredis\sds.h(55,10): warning C4200: 비표준 확장이 사용됨: 구조체/공용 구조체의 배열 크기가 0입니다.
  (소스 파일 'Game/Auction/AuctionManager.cpp'을(를) 컴파일하는 중)
      C:\Users\Kang\Desktop\workspace\BWServer\Include\hiredis\sds.h(55,10):
      이 멤버는 기본값으로 설정된 생성자 또는 복사/이동 대입 연산자에서 무시됩니다.
  
C:\Users\Kang\Desktop\workspace\BWServer\Include\hiredis\sds.h(61,10): warning C4200: 비표준 확장이 사용됨: 구조체/공용 구조체의 배열 크기가 0입니다.
  (소스 파일 'Game/Auction/AuctionManager.cpp'을(를) 컴파일하는 중)
      C:\Users\Kang\Desktop\workspace\BWServer\Include\hiredis\sds.h(61,10):
      이 멤버는 기본값으로 설정된 생성자 또는 복사/이동 대입 연산자에서 무시됩니다.
  
C:\Users\Kang\Desktop\workspace\BWServer\Include\hiredis\sds.h(67,10): warning C4200: 비표준 확장이 사용됨: 구조체/공용 구조체의 배열 크기가 0입니다.
  (소스 파일 'Game/Auction/AuctionManager.cpp'을(를) 컴파일하는 중)
      C:\Users\Kang\Desktop\workspace\BWServer\Include\hiredis\sds.h(67,10):
      이 멤버는 기본값으로 설정된 생성자 또는 복사/이동 대입 연산자에서 무시됩니다.
  
C:\Users\Kang\Desktop\workspace\BWServer\Include\hiredis\sds.h(73,10): warning C4200: 비표준 확장이 사용됨: 구조체/공용 구조체의 배열 크기가 0입니다.
  (소스 파일 'Game/Auction/AuctionManager.cpp'을(를) 컴파일하는 중)
      C:\Users\Kang\Desktop\workspace\BWServer\Include\hiredis\sds.h(73,10):
      이 멤버는 기본값으로 설정된 생성자 또는 복사/이동 대입 연산자에서 무시됩니다.
  
C:\Users\Kang\Desktop\workspace\BWServer\Include\hiredis\sds.h(79,10): warning C4200: 비표준 확장이 사용됨: 구조체/공용 구조체의 배열 크기가 0입니다.
  (소스 파일 'Game/Auction/AuctionManager.cpp'을(를) 컴파일하는 중)
      C:\Users\Kang\Desktop\workspace\BWServer\Include\hiredis\sds.h(79,10):
      이 멤버는 기본값으로 설정된 생성자 또는 복사/이동 대입 연산자에서 무시됩니다.
  
C:\Users\Kang\Desktop\workspace\BWServer\BWServer\Game\Objects\Object.h(32,31): warning C4244: 'return': 'google::protobuf::uint64'에서 'const uint32'(으)로 변환하면서 데이터가 손실될 수 있습니다.
  (소스 파일 'Game/Auction/AuctionManager.cpp'을(를) 컴파일하는 중)
  
C:\Users\Kang\Desktop\workspace\BWServer\BWServer\Game\Auction\AuctionManager.cpp(50,58): warning C4244: '인수': 'long double'에서 'google::protobuf::uint64'(으)로 변환하면서 데이터가 손실될 수 있습니다.
C:\Users\Kang\Desktop\workspace\BWServer\BWServer\Game\Auction\AuctionManager.cpp(51,61): warning C4244: '인수': 'long double'에서 'google::protobuf::uint64'(으)로 변환하면서 데이터가 손실될 수 있습니다.
  PacketSession.cpp
  Please define _WIN32_WINNT or _WIN32_WINDOWS appropriately. For example:
  - add -D_WIN32_WINNT=0x0601 to the compiler command line; or
  - add _WIN32_WINNT=0x0601 to your project's Preprocessor Definitions.
  Assuming _WIN32_WINNT=0x0601 (i.e. Windows 7 target).
C:\Users\Kang\Desktop\workspace\BWServer\Include\hiredis\sds.h(55,10): warning C4200: 비표준 확장이 사용됨: 구조체/공용 구조체의 배열 크기가 0입니다.
  (소스 파일 'Game/Server/Session/PacketSession.cpp'을(를) 컴파일하는 중)
      C:\Users\Kang\Desktop\workspace\BWServer\Include\hiredis\sds.h(55,10):
      이 멤버는 기본값으로 설정된 생성자 또는 복사/이동 대입 연산자에서 무시됩니다.
  
C:\Users\Kang\Desktop\workspace\BWServer\Include\hiredis\sds.h(61,10): warning C4200: 비표준 확장이 사용됨: 구조체/공용 구조체의 배열 크기가 0입니다.
  (소스 파일 'Game/Server/Session/PacketSession.cpp'을(를) 컴파일하는 중)
      C:\Users\Kang\Desktop\workspace\BWServer\Include\hiredis\sds.h(61,10):
      이 멤버는 기본값으로 설정된 생성자 또는 복사/이동 대입 연산자에서 무시됩니다.
  
C:\Users\Kang\Desktop\workspace\BWServer\Include\hiredis\sds.h(67,10): warning C4200: 비표준 확장이 사용됨: 구조체/공용 구조체의 배열 크기가 0입니다.
  (소스 파일 'Game/Server/Session/PacketSession.cpp'을(를) 컴파일하는 중)
      C:\Users\Kang\Desktop\workspace\BWServer\Include\hiredis\sds.h(67,10):
      이 멤버는 기본값으로 설정된 생성자 또는 복사/이동 대입 연산자에서 무시됩니다.
  
C:\Users\Kang\Desktop\workspace\BWServer\Include\hiredis\sds.h(73,10): warning C4200: 비표준 확장이 사용됨: 구조체/공용 구조체의 배열 크기가 0입니다.
  (소스 파일 'Game/Server/Session/PacketSession.cpp'을(를) 컴파일하는 중)
      C:\Users\Kang\Desktop\workspace\BWServer\Include\hiredis\sds.h(73,10):
      이 멤버는 기본값으로 설정된 생성자 또는 복사/이동 대입 연산자에서 무시됩니다.
  
C:\Users\Kang\Desktop\workspace\BWServer\Include\hiredis\sds.h(79,10): warning C4200: 비표준 확장이 사용됨: 구조체/공용 구조체의 배열 크기가 0입니다.
  (소스 파일 'Game/Server/Session/PacketSession.cpp'을(를) 컴파일하는 중)
      C:\Users\Kang\Desktop\workspace\BWServer\Include\hiredis\sds.h(79,10):
      이 멤버는 기본값으로 설정된 생성자 또는 복사/이동 대입 연산자에서 무시됩니다.
  
C:\Users\Kang\Desktop\workspace\BWServer\BWServer\Game\Objects\Object.h(32,31): warning C4244: 'return': 'google::protobuf::uint64'에서 'const uint32'(으)로 변환하면서 데이터가 손실될 수 있습니다.
  (소스 파일 'Game/Server/Session/PacketSession.cpp'을(를) 컴파일하는 중)
  
C:\Users\Kang\Desktop\workspace\BWServer\BWServer\Network\Packet\Handlers\ServerPacketHandler.h(232,50): warning C4267: '인수': 'size_t'에서 'const int'(으)로 변환하면서 데이터가 손실될 수 있습니다.
  (소스 파일 'Game/Server/Session/PacketSession.cpp'을(를) 컴파일하는 중)
      C:\Users\Kang\Desktop\workspace\BWServer\BWServer\Network\Packet\Handlers\ServerPacketHandler.h(232,50):
      템플릿 인스턴스화 컨텍스트(가장 오래된 인스턴스화 컨텍스트)가
          C:\Users\Kang\Desktop\workspace\BWServer\BWServer\Network\Packet\Handlers\ServerPacketHandler.h(42,11):
          컴파일되는 함수 템플릿 인스턴스화 'bool ServerPacketHandler::ParsePacket<account::login::C_Login,bool(__cdecl *)(SessionPtr &,account::login::C_Login &)>(ProcessFunc,SessionPtr &,boost::asio::mutable_buffer &,int &)'에 대한 참조를 확인하세요.
          with
          [
              ProcessFunc=bool (__cdecl *)(SessionPtr &,account::login::C_Login &)
          ]
  
  AuctionPacketHandler.cpp
  Please define _WIN32_WINNT or _WIN32_WINDOWS appropriately. For example:
  - add -D_WIN32_WINNT=0x0601 to the compiler command line; or
  - add _WIN32_WINNT=0x0601 to your project's Preprocessor Definitions.
  Assuming _WIN32_WINNT=0x0601 (i.e. Windows 7 target).
C:\Users\Kang\Desktop\workspace\BWServer\Include\hiredis\sds.h(55,10): warning C4200: 비표준 확장이 사용됨: 구조체/공용 구조체의 배열 크기가 0입니다.
  (소스 파일 'Network/Packet/Handlers/AuctionPacketHandler.cpp'을(를) 컴파일하는 중)
      C:\Users\Kang\Desktop\workspace\BWServer\Include\hiredis\sds.h(55,10):
      이 멤버는 기본값으로 설정된 생성자 또는 복사/이동 대입 연산자에서 무시됩니다.
  
C:\Users\Kang\Desktop\workspace\BWServer\Include\hiredis\sds.h(61,10): warning C4200: 비표준 확장이 사용됨: 구조체/공용 구조체의 배열 크기가 0입니다.
  (소스 파일 'Network/Packet/Handlers/AuctionPacketHandler.cpp'을(를) 컴파일하는 중)
      C:\Users\Kang\Desktop\workspace\BWServer\Include\hiredis\sds.h(61,10):
      이 멤버는 기본값으로 설정된 생성자 또는 복사/이동 대입 연산자에서 무시됩니다.
  
C:\Users\Kang\Desktop\workspace\BWServer\Include\hiredis\sds.h(67,10): warning C4200: 비표준 확장이 사용됨: 구조체/공용 구조체의 배열 크기가 0입니다.
  (소스 파일 'Network/Packet/Handlers/AuctionPacketHandler.cpp'을(를) 컴파일하는 중)
      C:\Users\Kang\Desktop\workspace\BWServer\Include\hiredis\sds.h(67,10):
      이 멤버는 기본값으로 설정된 생성자 또는 복사/이동 대입 연산자에서 무시됩니다.
  
C:\Users\Kang\Desktop\workspace\BWServer\Include\hiredis\sds.h(73,10): warning C4200: 비표준 확장이 사용됨: 구조체/공용 구조체의 배열 크기가 0입니다.
  (소스 파일 'Network/Packet/Handlers/AuctionPacketHandler.cpp'을(를) 컴파일하는 중)
      C:\Users\Kang\Desktop\workspace\BWServer\Include\hiredis\sds.h(73,10):
      이 멤버는 기본값으로 설정된 생성자 또는 복사/이동 대입 연산자에서 무시됩니다.
  
C:\Users\Kang\Desktop\workspace\BWServer\Include\hiredis\sds.h(79,10): warning C4200: 비표준 확장이 사용됨: 구조체/공용 구조체의 배열 크기가 0입니다.
  (소스 파일 'Network/Packet/Handlers/AuctionPacketHandler.cpp'을(를) 컴파일하는 중)
      C:\Users\Kang\Desktop\workspace\BWServer\Include\hiredis\sds.h(79,10):
      이 멤버는 기본값으로 설정된 생성자 또는 복사/이동 대입 연산자에서 무시됩니다.
  
C:\Users\Kang\Desktop\workspace\BWServer\BWServer\Game\Objects\Object.h(32,31): warning C4244: 'return': 'google::protobuf::uint64'에서 'const uint32'(으)로 변환하면서 데이터가 손실될 수 있습니다.
  (소스 파일 'Network/Packet/Handlers/AuctionPacketHandler.cpp'을(를) 컴파일하는 중)
  
  CharacterSelectPacketHandler.cpp
  Please define _WIN32_WINNT or _WIN32_WINDOWS appropriately. For example:
  - add -D_WIN32_WINNT=0x0601 to the compiler command line; or
  - add _WIN32_WINNT=0x0601 to your project's Preprocessor Definitions.
  Assuming _WIN32_WINNT=0x0601 (i.e. Windows 7 target).
C:\Users\Kang\Desktop\workspace\BWServer\Include\hiredis\sds.h(55,10): warning C4200: 비표준 확장이 사용됨: 구조체/공용 구조체의 배열 크기가 0입니다.
  (소스 파일 'Network/Packet/Handlers/CharacterSelectPacketHandler.cpp'을(를) 컴파일하는 중)
      C:\Users\Kang\Desktop\workspace\BWServer\Include\hiredis\sds.h(55,10):
      이 멤버는 기본값으로 설정된 생성자 또는 복사/이동 대입 연산자에서 무시됩니다.
  
C:\Users\Kang\Desktop\workspace\BWServer\Include\hiredis\sds.h(61,10): warning C4200: 비표준 확장이 사용됨: 구조체/공용 구조체의 배열 크기가 0입니다.
  (소스 파일 'Network/Packet/Handlers/CharacterSelectPacketHandler.cpp'을(를) 컴파일하는 중)
      C:\Users\Kang\Desktop\workspace\BWServer\Include\hiredis\sds.h(61,10):
      이 멤버는 기본값으로 설정된 생성자 또는 복사/이동 대입 연산자에서 무시됩니다.
  
C:\Users\Kang\Desktop\workspace\BWServer\Include\hiredis\sds.h(67,10): warning C4200: 비표준 확장이 사용됨: 구조체/공용 구조체의 배열 크기가 0입니다.
  (소스 파일 'Network/Packet/Handlers/CharacterSelectPacketHandler.cpp'을(를) 컴파일하는 중)
      C:\Users\Kang\Desktop\workspace\BWServer\Include\hiredis\sds.h(67,10):
      이 멤버는 기본값으로 설정된 생성자 또는 복사/이동 대입 연산자에서 무시됩니다.
  
C:\Users\Kang\Desktop\workspace\BWServer\Include\hiredis\sds.h(73,10): warning C4200: 비표준 확장이 사용됨: 구조체/공용 구조체의 배열 크기가 0입니다.
  (소스 파일 'Network/Packet/Handlers/CharacterSelectPacketHandler.cpp'을(를) 컴파일하는 중)
      C:\Users\Kang\Desktop\workspace\BWServer\Include\hiredis\sds.h(73,10):
      이 멤버는 기본값으로 설정된 생성자 또는 복사/이동 대입 연산자에서 무시됩니다.
  
C:\Users\Kang\Desktop\workspace\BWServer\Include\hiredis\sds.h(79,10): warning C4200: 비표준 확장이 사용됨: 구조체/공용 구조체의 배열 크기가 0입니다.
  (소스 파일 'Network/Packet/Handlers/CharacterSelectPacketHandler.cpp'을(를) 컴파일하는 중)
      C:\Users\Kang\Desktop\workspace\BWServer\Include\hiredis\sds.h(79,10):
      이 멤버는 기본값으로 설정된 생성자 또는 복사/이동 대입 연산자에서 무시됩니다.
  
C:\Users\Kang\Desktop\workspace\BWServer\BWServer\Game\Objects\Object.h(32,31): warning C4244: 'return': 'google::protobuf::uint64'에서 'const uint32'(으)로 변환하면서 데이터가 손실될 수 있습니다.
  (소스 파일 'Network/Packet/Handlers/CharacterSelectPacketHandler.cpp'을(를) 컴파일하는 중)
  
C:\Users\Kang\Desktop\workspace\BWServer\BWServer\Network\Packet\Handlers\CharacterSelectPacketHandler.cpp(35,57): warning C4244: '인수': 'uint64_t'에서 'google::protobuf::uint32'(으)로 변환하면서 데이터가 손실될 수 있습니다.
  SqlUtils.cpp
  Please define _WIN32_WINNT or _WIN32_WINDOWS appropriately. For example:
  - add -D_WIN32_WINNT=0x0601 to the compiler command line; or
  - add _WIN32_WINNT=0x0601 to your project's Preprocessor Definitions.
  Assuming _WIN32_WINNT=0x0601 (i.e. Windows 7 target).
C:\Users\Kang\Desktop\workspace\BWServer\Include\hiredis\sds.h(55,10): warning C4200: 비표준 확장이 사용됨: 구조체/공용 구조체의 배열 크기가 0입니다.
  (소스 파일 'Util/SqlUtils.cpp'을(를) 컴파일하는 중)
      C:\Users\Kang\Desktop\workspace\BWServer\Include\hiredis\sds.h(55,10):
      이 멤버는 기본값으로 설정된 생성자 또는 복사/이동 대입 연산자에서 무시됩니다.
  
C:\Users\Kang\Desktop\workspace\BWServer\Include\hiredis\sds.h(61,10): warning C4200: 비표준 확장이 사용됨: 구조체/공용 구조체의 배열 크기가 0입니다.
  (소스 파일 'Util/SqlUtils.cpp'을(를) 컴파일하는 중)
      C:\Users\Kang\Desktop\workspace\BWServer\Include\hiredis\sds.h(61,10):
      이 멤버는 기본값으로 설정된 생성자 또는 복사/이동 대입 연산자에서 무시됩니다.
  
C:\Users\Kang\Desktop\workspace\BWServer\Include\hiredis\sds.h(67,10): warning C4200: 비표준 확장이 사용됨: 구조체/공용 구조체의 배열 크기가 0입니다.
  (소스 파일 'Util/SqlUtils.cpp'을(를) 컴파일하는 중)
      C:\Users\Kang\Desktop\workspace\BWServer\Include\hiredis\sds.h(67,10):
      이 멤버는 기본값으로 설정된 생성자 또는 복사/이동 대입 연산자에서 무시됩니다.
  
C:\Users\Kang\Desktop\workspace\BWServer\Include\hiredis\sds.h(73,10): warning C4200: 비표준 확장이 사용됨: 구조체/공용 구조체의 배열 크기가 0입니다.
  (소스 파일 'Util/SqlUtils.cpp'을(를) 컴파일하는 중)
      C:\Users\Kang\Desktop\workspace\BWServer\Include\hiredis\sds.h(73,10):
      이 멤버는 기본값으로 설정된 생성자 또는 복사/이동 대입 연산자에서 무시됩니다.
  
C:\Users\Kang\Desktop\workspace\BWServer\Include\hiredis\sds.h(79,10): warning C4200: 비표준 확장이 사용됨: 구조체/공용 구조체의 배열 크기가 0입니다.
  (소스 파일 'Util/SqlUtils.cpp'을(를) 컴파일하는 중)
      C:\Users\Kang\Desktop\workspace\BWServer\Include\hiredis\sds.h(79,10):
      이 멤버는 기본값으로 설정된 생성자 또는 복사/이동 대입 연산자에서 무시됩니다.
  
C:\Users\Kang\Desktop\workspace\BWServer\BWServer\Game\Objects\Object.h(32,31): warning C4244: 'return': 'google::protobuf::uint64'에서 'const uint32'(으)로 변환하면서 데이터가 손실될 수 있습니다.
  (소스 파일 'Util/SqlUtils.cpp'을(를) 컴파일하는 중)
  
  Auction.pb.cc
  CharacterSelect.pb.cc
  GameRound.pb.cc
C:\Users\Kang\Desktop\workspace\BWServer\BWServer\build\GameRound.pb.cc(427,79): warning C4244: '=': 'google::protobuf::uint64'에서 'google::protobuf::int32'(으)로 변환하면서 데이터가 손실될 수 있습니다.
C:\Users\Kang\Desktop\workspace\BWServer\BWServer\build\GameRound.pb.cc(829,67): warning C4244: '=': 'google::protobuf::uint64'에서 'google::protobuf::int32'(으)로 변환하면서 데이터가 손실될 수 있습니다.
  코드를 생성하고 있습니다...
  Enum.pb.cc
  Item.pb.cc
  Login.pb.cc
C:\Users\Kang\Desktop\workspace\BWServer\BWServer\build\Login.pb.cc(455,72): warning C4244: '=': 'google::protobuf::uint64'에서 'google::protobuf::int32'(으)로 변환하면서 데이터가 손실될 수 있습니다.
C:\Users\Kang\Desktop\workspace\BWServer\BWServer\build\Login.pb.cc(987,72): warning C4244: '=': 'google::protobuf::uint64'에서 'google::protobuf::int32'(으)로 변환하면서 데이터가 손실될 수 있습니다.
  Message.pb.cc
  MonsterPattern.pb.cc
  Ping.pb.cc
  Skill.pb.cc
C:\Users\Kang\Desktop\workspace\BWServer\BWServer\build\Skill.pb.cc(1151,66): warning C4244: '=': 'google::protobuf::uint64'에서 'google::protobuf::int32'(으)로 변환하면서 데이터가 손실될 수 있습니다.
C:\Users\Kang\Desktop\workspace\BWServer\BWServer\build\Skill.pb.cc(3227,73): warning C4244: '=': 'google::protobuf::uint64'에서 'google::protobuf::int32'(으)로 변환하면서 데이터가 손실될 수 있습니다.
C:\Users\Kang\Desktop\workspace\BWServer\BWServer\build\Skill.pb.cc(7475,68): warning C4244: '=': 'google::protobuf::uint64'에서 'google::protobuf::int32'(으)로 변환하면서 데이터가 손실될 수 있습니다.
C:\Users\Kang\Desktop\workspace\BWServer\BWServer\build\Skill.pb.cc(7482,69): warning C4244: '=': 'google::protobuf::uint64'에서 'google::protobuf::int32'(으)로 변환하면서 데이터가 손실될 수 있습니다.
C:\Users\Kang\Desktop\workspace\BWServer\BWServer\build\Skill.pb.cc(7997,68): warning C4244: '=': 'google::protobuf::uint64'에서 'google::protobuf::int32'(으)로 변환하면서 데이터가 손실될 수 있습니다.
  Struct.pb.cc
C:\Users\Kang\Desktop\workspace\BWServer\BWServer\build\Struct.pb.cc(3124,65): warning C4244: '=': 'google::protobuf::uint64'에서 'google::protobuf::int32'(으)로 변환하면서 데이터가 손실될 수 있습니다.
  코드를 생성하고 있습니다...
  CoreGlobal.cpp
C:\Users\Kang\Desktop\workspace\BWServer\BWServer\CoreGlobal.cpp(1,10): warning C4651: 미리 컴파일된 헤더에 대해 '/DSTATIC_CONCPP'을(를) 지정했으나 현재 컴파일에 대해서는 지정하지 않았습니다.
  (소스 파일 '/CoreGlobal.cpp'을(를) 컴파일하는 중)
  
  CorePch.cpp
C:\Users\Kang\Desktop\workspace\BWServer\BWServer\CorePch.cpp(1,10): warning C4651: 미리 컴파일된 헤더에 대해 '/DSTATIC_CONCPP'을(를) 지정했으나 현재 컴파일에 대해서는 지정하지 않았습니다.
  (소스 파일 '/CorePch.cpp'을(를) 컴파일하는 중)
  
  Creature.cpp
C:\Users\Kang\Desktop\workspace\BWServer\BWServer\Game\Objects\Creatures\Creature.cpp(1,10): warning C4651: 미리 컴파일된 헤더에 대해 '/DSTATIC_CONCPP'을(를) 지정했으나 현재 컴파일에 대해서는 지정하지 않았습니다.
  (소스 파일 '/Game/Objects/Creatures/Creature.cpp'을(를) 컴파일하는 중)
  
  Monster.cpp
C:\Users\Kang\Desktop\workspace\BWServer\BWServer\Game\Objects\Creatures\Monster\Monster.cpp(1,10): warning C4651: 미리 컴파일된 헤더에 대해 '/DSTATIC_CONCPP'을(를) 지정했으나 현재 컴파일에 대해서는 지정하지 않았습니다.
  (소스 파일 '/Game/Objects/Creatures/Monster/Monster.cpp'을(를) 컴파일하는 중)
  
  Rampage.cpp
C:\Users\Kang\Desktop\workspace\BWServer\BWServer\Game\Objects\Creatures\Monster\Rampage.cpp(1,10): warning C4651: 미리 컴파일된 헤더에 대해 '/DSTATIC_CONCPP'을(를) 지정했으나 현재 컴파일에 대해서는 지정하지 않았습니다.
  (소스 파일 '/Game/Objects/Creatures/Monster/Rampage.cpp'을(를) 컴파일하는 중)
  
  RampageTree.cpp
C:\Users\Kang\Desktop\workspace\BWServer\BWServer\Game\Objects\Creatures\Monster\RampageTree.cpp(1,10): warning C4651: 미리 컴파일된 헤더에 대해 '/DSTATIC_CONCPP'을(를) 지정했으나 현재 컴파일에 대해서는 지정하지 않았습니다.
  (소스 파일 '/Game/Objects/Creatures/Monster/RampageTree.cpp'을(를) 컴파일하는 중)
  
C:\Users\Kang\Desktop\workspace\BWServer\BWServer\Game\Objects\Creatures\Monster\RampageTree.cpp(62,15): warning C4244: '초기화 중': 'T'에서 'int'(으)로 변환하면서 데이터가 손실될 수 있습니다.
C:\Users\Kang\Desktop\workspace\BWServer\BWServer\Game\Objects\Creatures\Monster\RampageTree.cpp(62,15): warning C4244:         with
C:\Users\Kang\Desktop\workspace\BWServer\BWServer\Game\Objects\Creatures\Monster\RampageTree.cpp(62,15): warning C4244:         [
C:\Users\Kang\Desktop\workspace\BWServer\BWServer\Game\Objects\Creatures\Monster\RampageTree.cpp(62,15): warning C4244:             T=float
C:\Users\Kang\Desktop\workspace\BWServer\BWServer\Game\Objects\Creatures\Monster\RampageTree.cpp(62,15): warning C4244:         ]
  (소스 파일 '/Game/Objects/Creatures/Monster/RampageTree.cpp'을(를) 컴파일하는 중)
  
C:\Users\Kang\Desktop\workspace\BWServer\BWServer\Game\Objects\Creatures\Monster\RampageTree.cpp(63,15): warning C4244: '초기화 중': 'T'에서 'int'(으)로 변환하면서 데이터가 손실될 수 있습니다.
C:\Users\Kang\Desktop\workspace\BWServer\BWServer\Game\Objects\Creatures\Monster\RampageTree.cpp(63,15): warning C4244:         with
C:\Users\Kang\Desktop\workspace\BWServer\BWServer\Game\Objects\Creatures\Monster\RampageTree.cpp(63,15): warning C4244:         [
C:\Users\Kang\Desktop\workspace\BWServer\BWServer\Game\Objects\Creatures\Monster\RampageTree.cpp(63,15): warning C4244:             T=float
C:\Users\Kang\Desktop\workspace\BWServer\BWServer\Game\Objects\Creatures\Monster\RampageTree.cpp(63,15): warning C4244:         ]
  (소스 파일 '/Game/Objects/Creatures/Monster/RampageTree.cpp'을(를) 컴파일하는 중)
  
C:\Users\Kang\Desktop\workspace\BWServer\BWServer\Game\Objects\Creatures\Monster\RampageTree.cpp(64,15): warning C4244: '초기화 중': 'T'에서 'int'(으)로 변환하면서 데이터가 손실될 수 있습니다.
C:\Users\Kang\Desktop\workspace\BWServer\BWServer\Game\Objects\Creatures\Monster\RampageTree.cpp(64,15): warning C4244:         with
C:\Users\Kang\Desktop\workspace\BWServer\BWServer\Game\Objects\Creatures\Monster\RampageTree.cpp(64,15): warning C4244:         [
C:\Users\Kang\Desktop\workspace\BWServer\BWServer\Game\Objects\Creatures\Monster\RampageTree.cpp(64,15): warning C4244:             T=float
C:\Users\Kang\Desktop\workspace\BWServer\BWServer\Game\Objects\Creatures\Monster\RampageTree.cpp(64,15): warning C4244:         ]
  (소스 파일 '/Game/Objects/Creatures/Monster/RampageTree.cpp'을(를) 컴파일하는 중)
  
  Archor.cpp
C:\Users\Kang\Desktop\workspace\BWServer\BWServer\Game\Objects\Creatures\Players\Archor.cpp(1,10): warning C4651: 미리 컴파일된 헤더에 대해 '/DSTATIC_CONCPP'을(를) 지정했으나 현재 컴파일에 대해서는 지정하지 않았습니다.
  (소스 파일 '/Game/Objects/Creatures/Players/Archor.cpp'을(를) 컴파일하는 중)
  
C:\Users\Kang\Desktop\workspace\BWServer\BWServer\Game\Objects\Creatures\Players\Archor.cpp(40,41): warning C4018: '>': signed 또는 unsigned가 일치하지 않습니다.
  (소스 파일 '/Game/Objects/Creatures/Players/Archor.cpp'을(를) 컴파일하는 중)
  
C:\Users\Kang\Desktop\workspace\BWServer\BWServer\Game\Objects\Creatures\Players\Archor.cpp(49,39): warning C4018: '>': signed 또는 unsigned가 일치하지 않습니다.
  (소스 파일 '/Game/Objects/Creatures/Players/Archor.cpp'을(를) 컴파일하는 중)
  
  Assassin.cpp
C:\Users\Kang\Desktop\workspace\BWServer\BWServer\Game\Objects\Creatures\Players\Assassin.cpp(1,10): warning C4651: 미리 컴파일된 헤더에 대해 '/DSTATIC_CONCPP'을(를) 지정했으나 현재 컴파일에 대해서는 지정하지 않았습니다.
  (소스 파일 '/Game/Objects/Creatures/Players/Assassin.cpp'을(를) 컴파일하는 중)
  
  Inventory.cpp
C:\Users\Kang\Desktop\workspace\BWServer\BWServer\Game\Objects\Creatures\Players\Inventory.cpp(1,10): warning C4651: 미리 컴파일된 헤더에 대해 '/DSTATIC_CONCPP'을(를) 지정했으나 현재 컴파일에 대해서는 지정하지 않았습니다.
  (소스 파일 '/Game/Objects/Creatures/Players/Inventory.cpp'을(를) 컴파일하는 중)
  
  Player.cpp
C:\Users\Kang\Desktop\workspace\BWServer\BWServer\Game\Objects\Creatures\Players\Player.cpp(1,10): warning C4651: 미리 컴파일된 헤더에 대해 '/DSTATIC_CONCPP'을(를) 지정했으나 현재 컴파일에 대해서는 지정하지 않았습니다.
  (소스 파일 '/Game/Objects/Creatures/Players/Player.cpp'을(를) 컴파일하는 중)
  
  Warrior.cpp
C:\Users\Kang\Desktop\workspace\BWServer\BWServer\Game\Objects\Creatures\Players\Warrior.cpp(1,10): warning C4651: 미리 컴파일된 헤더에 대해 '/DSTATIC_CONCPP'을(를) 지정했으나 현재 컴파일에 대해서는 지정하지 않았습니다.
  (소스 파일 '/Game/Objects/Creatures/Players/Warrior.cpp'을(를) 컴파일하는 중)
  
C:\Users\Kang\Desktop\workspace\BWServer\BWServer\Game\Objects\Creatures\Players\Warrior.cpp(61,9): warning C4244: 'return': 'int'에서 'float'(으)로 변환하면서 데이터가 손실될 수 있습니다.
  (소스 파일 '/Game/Objects/Creatures/Players/Warrior.cpp'을(를) 컴파일하는 중)
  
C:\Users\Kang\Desktop\workspace\BWServer\BWServer\Game\Objects\Creatures\Players\Warrior.cpp(66,25): warning C4244: 'return': 'int'에서 'float'(으)로 변환하면서 데이터가 손실될 수 있습니다.
  (소스 파일 '/Game/Objects/Creatures/Players/Warrior.cpp'을(를) 컴파일하는 중)
  
  Item.cpp
C:\Users\Kang\Desktop\workspace\BWServer\BWServer\Game\Objects\Item.cpp(1,10): warning C4651: 미리 컴파일된 헤더에 대해 '/DSTATIC_CONCPP'을(를) 지정했으나 현재 컴파일에 대해서는 지정하지 않았습니다.
  (소스 파일 '/Game/Objects/Item.cpp'을(를) 컴파일하는 중)
  
  ItemObject.cpp
C:\Users\Kang\Desktop\workspace\BWServer\BWServer\Game\Objects\ItemObject.cpp(1,10): warning C4651: 미리 컴파일된 헤더에 대해 '/DSTATIC_CONCPP'을(를) 지정했으나 현재 컴파일에 대해서는 지정하지 않았습니다.
  (소스 파일 '/Game/Objects/ItemObject.cpp'을(를) 컴파일하는 중)
  
  Object.cpp
C:\Users\Kang\Desktop\workspace\BWServer\BWServer\Game\Objects\Object.cpp(1,10): warning C4651: 미리 컴파일된 헤더에 대해 '/DSTATIC_CONCPP'을(를) 지정했으나 현재 컴파일에 대해서는 지정하지 않았습니다.
  (소스 파일 '/Game/Objects/Object.cpp'을(를) 컴파일하는 중)
  
  DelayGameServer.cpp
C:\Users\Kang\Desktop\workspace\BWServer\BWServer\Game\Server\DelayGameServer.cpp(1,10): warning C4651: 미리 컴파일된 헤더에 대해 '/DSTATIC_CONCPP'을(를) 지정했으나 현재 컴파일에 대해서는 지정하지 않았습니다.
  (소스 파일 '/Game/Server/DelayGameServer.cpp'을(를) 컴파일하는 중)
  
  GameRoom.cpp
C:\Users\Kang\Desktop\workspace\BWServer\BWServer\Game\Server\GameRoom.cpp(1,10): warning C4651: 미리 컴파일된 헤더에 대해 '/DSTATIC_CONCPP'을(를) 지정했으나 현재 컴파일에 대해서는 지정하지 않았습니다.
  (소스 파일 '/Game/Server/GameRoom.cpp'을(를) 컴파일하는 중)
  
  GameServer.cpp
C:\Users\Kang\Desktop\workspace\BWServer\BWServer\Game\Server\GameServer.cpp(1,10): warning C4651: 미리 컴파일된 헤더에 대해 '/DSTATIC_CONCPP'을(를) 지정했으나 현재 컴파일에 대해서는 지정하지 않았습니다.
  (소스 파일 '/Game/Server/GameServer.cpp'을(를) 컴파일하는 중)
  
  Room.cpp
C:\Users\Kang\Desktop\workspace\BWServer\BWServer\Game\Server\Room.cpp(1,10): warning C4651: 미리 컴파일된 헤더에 대해 '/DSTATIC_CONCPP'을(를) 지정했으나 현재 컴파일에 대해서는 지정하지 않았습니다.
  (소스 파일 '/Game/Server/Room.cpp'을(를) 컴파일하는 중)
  
C:\Users\Kang\Desktop\workspace\BWServer\BWServer\Game\Server\Room.cpp(397,16): warning C4244: '초기화 중': 'float'에서 'uint32'(으)로 변환하면서 데이터가 손실될 수 있습니다.
  (소스 파일 '/Game/Server/Room.cpp'을(를) 컴파일하는 중)
  
C:\Users\Kang\Desktop\workspace\BWServer\BWServer\Game\Server\Room.cpp(620,52): warning C4244: '인수': 'float'에서 'google::protobuf::int32'(으)로 변환하면서 데이터가 손실될 수 있습니다.
  (소스 파일 '/Game/Server/Room.cpp'을(를) 컴파일하는 중)
  
  DelayGameSession.cpp
C:\Users\Kang\Desktop\workspace\BWServer\BWServer\Game\Server\Session\DelayGameSession.cpp(1,10): warning C4651: 미리 컴파일된 헤더에 대해 '/DSTATIC_CONCPP'을(를) 지정했으나 현재 컴파일에 대해서는 지정하지 않았습니다.
  (소스 파일 '/Game/Server/Session/DelayGameSession.cpp'을(를) 컴파일하는 중)
  
  GameSession.cpp
C:\Users\Kang\Desktop\workspace\BWServer\BWServer\Game\Server\Session\GameSession.cpp(1,10): warning C4651: 미리 컴파일된 헤더에 대해 '/DSTATIC_CONCPP'을(를) 지정했으나 현재 컴파일에 대해서는 지정하지 않았습니다.
  (소스 파일 '/Game/Server/Session/GameSession.cpp'을(를) 컴파일하는 중)
  
  코드를 생성하고 있습니다...
C:\Users\Kang\Desktop\workspace\BWServer\BWServer\Game\Objects\Creatures\Monster\RampageTree.cpp(155,1): warning C4715: '`RampageTree::MakeCanAttackSelector'::`2'::<lambda_1>::operator()': 모든 제어 경로에서 값을 반환하지는 않습니다.
  컴파일하고 있습니다...
  GameSessionManager.cpp
C:\Users\Kang\Desktop\workspace\BWServer\BWServer\Game\Server\Session\GameSessionManager.cpp(1,10): warning C4651: 미리 컴파일된 헤더에 대해 '/DSTATIC_CONCPP'을(를) 지정했으나 현재 컴파일에 대해서는 지정하지 않았습니다.
  (소스 파일 '/Game/Server/Session/GameSessionManager.cpp'을(를) 컴파일하는 중)
  
  BattlePacketHandler.cpp
C:\Users\Kang\Desktop\workspace\BWServer\BWServer\Network\Packet\Handlers\BattlePacketHandler.cpp(1,10): warning C4651: 미리 컴파일된 헤더에 대해 '/DSTATIC_CONCPP'을(를) 지정했으나 현재 컴파일에 대해서는 지정하지 않았습니다.
  (소스 파일 '/Network/Packet/Handlers/BattlePacketHandler.cpp'을(를) 컴파일하는 중)
  
  InteractivePacketHandler.cpp
C:\Users\Kang\Desktop\workspace\BWServer\BWServer\Network\Packet\Handlers\InteractivePacketHandler.cpp(1,10): warning C4651: 미리 컴파일된 헤더에 대해 '/DSTATIC_CONCPP'을(를) 지정했으나 현재 컴파일에 대해서는 지정하지 않았습니다.
  (소스 파일 '/Network/Packet/Handlers/InteractivePacketHandler.cpp'을(를) 컴파일하는 중)
  
  LobbyPacketHandler.cpp
C:\Users\Kang\Desktop\workspace\BWServer\BWServer\Network\Packet\Handlers\LobbyPacketHandler.cpp(1,10): warning C4651: 미리 컴파일된 헤더에 대해 '/DSTATIC_CONCPP'을(를) 지정했으나 현재 컴파일에 대해서는 지정하지 않았습니다.
  (소스 파일 '/Network/Packet/Handlers/LobbyPacketHandler.cpp'을(를) 컴파일하는 중)
  
  PingPongPacketHandler.cpp
C:\Users\Kang\Desktop\workspace\BWServer\BWServer\Network\Packet\Handlers\PingPongPacketHandler.cpp(1,10): warning C4651: 미리 컴파일된 헤더에 대해 '/DSTATIC_CONCPP'을(를) 지정했으나 현재 컴파일에 대해서는 지정하지 않았습니다.
  (소스 파일 '/Network/Packet/Handlers/PingPongPacketHandler.cpp'을(를) 컴파일하는 중)
  
  RoomPacketHandler.cpp
C:\Users\Kang\Desktop\workspace\BWServer\BWServer\Network\Packet\Handlers\RoomPacketHandler.cpp(1,10): warning C4651: 미리 컴파일된 헤더에 대해 '/DSTATIC_CONCPP'을(를) 지정했으나 현재 컴파일에 대해서는 지정하지 않았습니다.
  (소스 파일 '/Network/Packet/Handlers/RoomPacketHandler.cpp'을(를) 컴파일하는 중)
  
  ServerPacketHandler.cpp
C:\Users\Kang\Desktop\workspace\BWServer\BWServer\Network\Packet\Handlers\ServerPacketHandler.cpp(1,10): warning C4651: 미리 컴파일된 헤더에 대해 '/DSTATIC_CONCPP'을(를) 지정했으나 현재 컴파일에 대해서는 지정하지 않았습니다.
  (소스 파일 '/Network/Packet/Handlers/ServerPacketHandler.cpp'을(를) 컴파일하는 중)
  
C:\Users\Kang\Desktop\workspace\BWServer\BWServer\Network\Packet\Handlers\ServerPacketHandler.h(232,50): warning C4267: '인수': 'size_t'에서 'const int'(으)로 변환하면서 데이터가 손실될 수 있습니다.
  (소스 파일 '/Network/Packet/Handlers/ServerPacketHandler.cpp'을(를) 컴파일하는 중)
      C:\Users\Kang\Desktop\workspace\BWServer\BWServer\Network\Packet\Handlers\ServerPacketHandler.h(232,50):
      템플릿 인스턴스화 컨텍스트(가장 오래된 인스턴스화 컨텍스트)가
          C:\Users\Kang\Desktop\workspace\BWServer\BWServer\Network\Packet\Handlers\ServerPacketHandler.h(42,11):
          컴파일되는 함수 템플릿 인스턴스화 'bool ServerPacketHandler::ParsePacket<account::login::C_Login,bool(__cdecl *)(SessionPtr &,account::login::C_Login &)>(ProcessFunc,SessionPtr &,boost::asio::mutable_buffer &,int &)'에 대한 참조를 확인하세요.
          with
          [
              ProcessFunc=bool (__cdecl *)(SessionPtr &,account::login::C_Login &)
          ]
  
  ItemUtils.cpp
C:\Users\Kang\Desktop\workspace\BWServer\BWServer\Util\ItemUtils.cpp(1,10): warning C4651: 미리 컴파일된 헤더에 대해 '/DSTATIC_CONCPP'을(를) 지정했으나 현재 컴파일에 대해서는 지정하지 않았습니다.
  (소스 파일 '/Util/ItemUtils.cpp'을(를) 컴파일하는 중)
  
  MathUtils.cpp
C:\Users\Kang\Desktop\workspace\BWServer\BWServer\Util\MathUtils.cpp(1,10): warning C4651: 미리 컴파일된 헤더에 대해 '/DSTATIC_CONCPP'을(를) 지정했으나 현재 컴파일에 대해서는 지정하지 않았습니다.
  (소스 파일 '/Util/MathUtils.cpp'을(를) 컴파일하는 중)
  
  ObjectUtils.cpp
C:\Users\Kang\Desktop\workspace\BWServer\BWServer\Util\ObjectUtils.cpp(1,10): warning C4651: 미리 컴파일된 헤더에 대해 '/DSTATIC_CONCPP'을(를) 지정했으나 현재 컴파일에 대해서는 지정하지 않았습니다.
  (소스 파일 '/Util/ObjectUtils.cpp'을(를) 컴파일하는 중)
  
  RandomUtil.cpp
C:\Users\Kang\Desktop\workspace\BWServer\BWServer\Util\RandomUtil.cpp(1,10): warning C4651: 미리 컴파일된 헤더에 대해 '/DSTATIC_CONCPP'을(를) 지정했으나 현재 컴파일에 대해서는 지정하지 않았습니다.
  (소스 파일 '/Util/RandomUtil.cpp'을(를) 컴파일하는 중)
  
  TimeUtils.cpp
C:\Users\Kang\Desktop\workspace\BWServer\BWServer\Util\TimeUtils.cpp(1,10): warning C4651: 미리 컴파일된 헤더에 대해 '/DSTATIC_CONCPP'을(를) 지정했으나 현재 컴파일에 대해서는 지정하지 않았습니다.
  (소스 파일 '/Util/TimeUtils.cpp'을(를) 컴파일하는 중)
  
  코드를 생성하고 있습니다...
  BWServer.vcxproj -> C:\Users\Kang\Desktop\workspace\BWServer\x64\Debug\BWServer.exe
