c:\users\kang\desktop\workspace\bwserver\dummyclients\x64\debug\vc143.pdb
c:\users\kang\desktop\workspace\bwserver\dummyclients\x64\debug\vc143.idb
c:\users\kang\desktop\workspace\bwserver\dummyclients\x64\debug\stresstest.obj
c:\users\kang\desktop\workspace\bwserver\dummyclients\x64\debug\roompackethandler.obj
c:\users\kang\desktop\workspace\bwserver\dummyclients\x64\debug\lobbypackethandler.obj
c:\users\kang\desktop\workspace\bwserver\dummyclients\x64\debug\clientpackethandler.obj
c:\users\kang\desktop\workspace\bwserver\dummyclients\x64\debug\main.obj
c:\users\kang\desktop\workspace\bwserver\x64\debug\dummyclients.exe
c:\users\kang\desktop\workspace\bwserver\x64\debug\dummyclients.pdb
c:\users\kang\desktop\workspace\bwserver\dummyclients\x64\debug\dummyclients.ilk
c:\users\kang\desktop\workspace\bwserver\dummyclients\x64\debug\characterselect.pb.obj
c:\users\kang\desktop\workspace\bwserver\dummyclients\x64\debug\corepch.obj
c:\users\kang\desktop\workspace\bwserver\dummyclients\x64\debug\enum.pb.obj
c:\users\kang\desktop\workspace\bwserver\dummyclients\x64\debug\login.pb.obj
c:\users\kang\desktop\workspace\bwserver\dummyclients\x64\debug\message.pb.obj
c:\users\kang\desktop\workspace\bwserver\dummyclients\x64\debug\pch.obj
c:\users\kang\desktop\workspace\bwserver\dummyclients\x64\debug\ping.pb.obj
c:\users\kang\desktop\workspace\bwserver\dummyclients\x64\debug\session.obj
c:\users\kang\desktop\workspace\bwserver\dummyclients\x64\debug\struct.pb.obj
c:\users\kang\desktop\workspace\bwserver\dummyclients\x64\debug\timeutils.obj
c:\users\kang\desktop\workspace\bwserver\dummyclients\x64\debug\bwserver.pch
c:\users\kang\desktop\workspace\bwserver\dummyclients\x64\debug\dummyclients.tlog\cl.command.1.tlog
c:\users\kang\desktop\workspace\bwserver\dummyclients\x64\debug\dummyclients.tlog\cl.items.tlog
c:\users\kang\desktop\workspace\bwserver\dummyclients\x64\debug\dummyclients.tlog\cl.read.1.tlog
c:\users\kang\desktop\workspace\bwserver\dummyclients\x64\debug\dummyclients.tlog\cl.write.1.tlog
c:\users\kang\desktop\workspace\bwserver\dummyclients\x64\debug\dummyclients.tlog\link.command.1.tlog
c:\users\kang\desktop\workspace\bwserver\dummyclients\x64\debug\dummyclients.tlog\link.read.1.tlog
c:\users\kang\desktop\workspace\bwserver\dummyclients\x64\debug\dummyclients.tlog\link.secondary.1.tlog
c:\users\kang\desktop\workspace\bwserver\dummyclients\x64\debug\dummyclients.tlog\link.write.1.tlog
